E:\PROJECTS\SOFTRENDERER\DEBUG\APPMAIN.OBJ
E:\Projects\SoftRenderer\Debug\cl.command.1.tlog
E:\Projects\SoftRenderer\Debug\CL.read.1.tlog
E:\Projects\SoftRenderer\Debug\CL.write.1.tlog
E:\PROJECTS\SOFTRENDERER\DEBUG\COLOR.OBJ
E:\Projects\SoftRenderer\Debug\link.command.1.tlog
E:\Projects\SoftRenderer\Debug\link.read.1.tlog
E:\Projects\SoftRenderer\Debug\link.write.1.tlog
E:\Projects\SoftRenderer\Debug\link-cvtres.read.1.tlog
E:\Projects\SoftRenderer\Debug\link-cvtres.write.1.tlog
E:\Projects\SoftRenderer\Debug\link-rc.read.1.tlog
E:\Projects\SoftRenderer\Debug\link-rc.write.1.tlog
E:\PROJECTS\SOFTRENDERER\DEBUG\MATRIX4X4.OBJ
E:\Projects\SoftRenderer\Debug\mt.command.1.tlog
E:\Projects\SoftRenderer\Debug\mt.read.1.tlog
E:\Projects\SoftRenderer\Debug\mt.write.1.tlog
E:\Projects\SoftRenderer\Debug\PhongShader.exp
E:\Projects\SoftRenderer\Debug\PhongShader.ilk
E:\Projects\SoftRenderer\Debug\PhongShader.pdb
E:\PROJECTS\SOFTRENDERER\DEBUG\RASTERIZER.OBJ
E:\Projects\SoftRenderer\Debug\rc.command.1.tlog
E:\Projects\SoftRenderer\Debug\rc.read.1.tlog
E:\Projects\SoftRenderer\Debug\rc.write.1.tlog
E:\PROJECTS\SOFTRENDERER\DEBUG\SOFTRENDERER.EXE
E:\PROJECTS\SOFTRENDERER\DEBUG\SOFTRENDERER.EXE.EMBED.MANIFEST
E:\PROJECTS\SOFTRENDERER\DEBUG\SOFTRENDERER.EXE.EMBED.MANIFEST.RES
E:\PROJECTS\SOFTRENDERER\DEBUG\SOFTRENDERER.EXE.INTERMEDIATE.MANIFEST
E:\PROJECTS\SOFTRENDERER\DEBUG\SOFTRENDERER.ILK
E:\PROJECTS\SOFTRENDERER\DEBUG\SOFTRENDERER.OBJ
E:\PROJECTS\SOFTRENDERER\DEBUG\SOFTRENDERER.PCH
E:\PROJECTS\SOFTRENDERER\DEBUG\SOFTRENDERER.PDB
E:\PROJECTS\SOFTRENDERER\DEBUG\SOFTRENDERER.RES
E:\Projects\SoftRenderer\Debug\SoftRenderer_manifest.rc
E:\PROJECTS\SOFTRENDERER\DEBUG\SOFTRENDERERAPP.OBJ
E:\PROJECTS\SOFTRENDERER\DEBUG\STDAFX.OBJ
E:\Projects\SoftRenderer\Debug\vc100.idb
E:\PROJECTS\SOFTRENDERER\DEBUG\VC100.PDB
E:\Projects\SoftRenderer\Debug\vc110.idb
E:\Projects\SoftRenderer\Debug\vc110.pdb
E:\PROJECTS\SOFTRENDERER\DEBUG\VECTOR2F.OBJ
E:\PROJECTS\SOFTRENDERER\DEBUG\VECTOR3F.OBJ
E:\PROJECTS\SOFTRENDERER\DEBUG\VECTOR4F.OBJ
E:\SOFTRENDERER\DEBUG\APPMAIN.OBJ
E:\SOFTRENDERER\DEBUG\COLOR.OBJ
E:\SOFTRENDERER\DEBUG\MATRIX4X4.OBJ
E:\SOFTRENDERER\DEBUG\RASTERIZER.OBJ
E:\SOFTRENDERER\DEBUG\SOFTRENDERER.EXE
E:\SOFTRENDERER\DEBUG\SOFTRENDERER.ILK
E:\SOFTRENDERER\DEBUG\SOFTRENDERER.OBJ
E:\SOFTRENDERER\DEBUG\SOFTRENDERER.PCH
E:\SOFTRENDERER\DEBUG\SOFTRENDERER.PDB
E:\SOFTRENDERER\DEBUG\SOFTRENDERER.RES
E:\SOFTRENDERER\DEBUG\SOFTRENDERERAPP.OBJ
E:\SOFTRENDERER\DEBUG\STDAFX.OBJ
E:\SOFTRENDERER\DEBUG\VC110.PDB
E:\SOFTRENDERER\DEBUG\VECTOR2F.OBJ
E:\SOFTRENDERER\DEBUG\VECTOR3F.OBJ
E:\SOFTRENDERER\DEBUG\VECTOR4F.OBJ
