E:\PROJECTS\SOFTRENDERER\DEBUG\PHONGSHADER.DLL
E:\Projects\SoftRenderer\Debug\PhongShader.exp
E:\PROJECTS\SOFTRENDERER\DEBUG\PHONGSHADER.ILK
E:\Projects\SoftRenderer\Debug\PhongShader.lib
E:\PROJECTS\SOFTRENDERER\DEBUG\PHONGSHADER.PDB
E:\Projects\SoftRenderer\Shader\PhongShader\Debug\cl.command.1.tlog
E:\Projects\SoftRenderer\Shader\PhongShader\Debug\CL.read.1.tlog
E:\Projects\SoftRenderer\Shader\PhongShader\Debug\CL.write.1.tlog
E:\Projects\SoftRenderer\Shader\PhongShader\Debug\CRYPT32.DLL.bi
E:\PROJECTS\SOFTRENDERER\SHADER\PHONGSHADER\DEBUG\DLLMAIN.OBJ
E:\Projects\SoftRenderer\Shader\PhongShader\Debug\link.3028.read.1.tlog
E:\Projects\SoftRenderer\Shader\PhongShader\Debug\link.3028.write.1.tlog
E:\Projects\SoftRenderer\Shader\PhongShader\Debug\link.3028-cvtres.read.1.tlog
E:\Projects\SoftRenderer\Shader\PhongShader\Debug\link.3028-cvtres.write.1.tlog
E:\Projects\SoftRenderer\Shader\PhongShader\Debug\link.command.1.tlog
E:\Projects\SoftRenderer\Shader\PhongShader\Debug\link.read.1.tlog
E:\Projects\SoftRenderer\Shader\PhongShader\Debug\link.write.1.tlog
E:\Projects\SoftRenderer\Shader\PhongShader\Debug\link-cvtres.read.1.tlog
E:\Projects\SoftRenderer\Shader\PhongShader\Debug\link-cvtres.write.1.tlog
E:\Projects\SoftRenderer\Shader\PhongShader\Debug\metagen.read.1.tlog
E:\Projects\SoftRenderer\Shader\PhongShader\Debug\metagen.write.1.tlog
E:\Projects\SoftRenderer\Shader\PhongShader\Debug\mt.command.1.tlog
E:\Projects\SoftRenderer\Shader\PhongShader\Debug\mt.read.1.tlog
E:\Projects\SoftRenderer\Shader\PhongShader\Debug\mt.write.1.tlog
E:\PROJECTS\SOFTRENDERER\SHADER\PHONGSHADER\DEBUG\PHONGSHADER.DLL.EMBED.MANIFEST
E:\PROJECTS\SOFTRENDERER\SHADER\PHONGSHADER\DEBUG\PHONGSHADER.DLL.EMBED.MANIFEST.RES
E:\PROJECTS\SOFTRENDERER\SHADER\PHONGSHADER\DEBUG\PHONGSHADER.DLL.INTERMEDIATE.MANIFEST
E:\PROJECTS\SOFTRENDERER\SHADER\PHONGSHADER\DEBUG\PHONGSHADER.OBJ
E:\PROJECTS\SOFTRENDERER\SHADER\PHONGSHADER\DEBUG\PHONGSHADER.PCH
E:\Projects\SoftRenderer\Shader\PhongShader\Debug\PhongShader.write.1.tlog
E:\Projects\SoftRenderer\Shader\PhongShader\Debug\PhongShader_manifest.rc
E:\Projects\SoftRenderer\Shader\PhongShader\Debug\rc.command.1.tlog
E:\Projects\SoftRenderer\Shader\PhongShader\Debug\rc.read.1.tlog
E:\Projects\SoftRenderer\Shader\PhongShader\Debug\rc.write.1.tlog
E:\Projects\SoftRenderer\Shader\PhongShader\Debug\RSAENH.DLL.bi
E:\PROJECTS\SOFTRENDERER\SHADER\PHONGSHADER\DEBUG\STDAFX.OBJ
E:\Projects\SoftRenderer\Shader\PhongShader\Debug\vc100.idb
E:\PROJECTS\SOFTRENDERER\SHADER\PHONGSHADER\DEBUG\VC100.PDB
