Build started 2014-6-30 10:08:21.
     1>Project "E:\Projects\SoftRenderer\Shader\PhongShader\PhongShader.vcxproj" on node 2 (build target(s)).
     1>InitializeBuildStatus:
         Creating "Debug\PhongShader.unsuccessfulbuild" because "AlwaysCreate" was specified.
       ClCompile:
         All outputs are up-to-date.
         All outputs are up-to-date.
         All outputs are up-to-date.
       ManifestResourceCompile:
         All outputs are up-to-date.
       Link:
         C:\Program Files\Microsoft Visual Studio 10.0\VC\bin\link.exe /ERRORREPORT:PROMPT /OUT:"E:\Projects\SoftRenderer\Debug\PhongShader.dll" /INCREMENTAL /NOLOGO kernel32.lib user32.lib gdi32.lib winspool.lib comdlg32.lib advapi32.lib shell32.lib ole32.lib oleaut32.lib uuid.lib odbc32.lib odbccp32.lib /MANIFEST /ManifestFile:"Debug\PhongShader.dll.intermediate.manifest" /MANIFESTUAC:"level='asInvoker' uiAccess='false'" /DEBUG /PDB:"E:\Projects\SoftRenderer\Debug\PhongShader.pdb" /SUBSYSTEM:WINDOWS /TLBID:1 /DYNAMICBASE /NXCOMPAT /IMPLIB:"E:\Projects\SoftRenderer\Debug\PhongShader.lib" /MACHINE:X86 /DLL Debug\PhongShader.dll.embed.manifest.res
         Debug\dllmain.obj
         Debug\PhongShader.obj
         Debug\stdafx.obj
            Creating library E:\Projects\SoftRenderer\Debug\PhongShader.lib and object E:\Projects\SoftRenderer\Debug\PhongShader.exp
       Manifest:
         C:\Program Files\Microsoft SDKs\Windows\v7.0A\bin\mt.exe /nologo /verbose /out:"Debug\PhongShader.dll.embed.manifest" /manifest Debug\PhongShader.dll.intermediate.manifest
         All outputs are up-to-date.
       LinkEmbedManifest:
         All outputs are up-to-date.
         PhongShader.vcxproj -> E:\Projects\SoftRenderer\Debug\PhongShader.dll
       FinalizeBuildStatus:
         Deleting file "Debug\PhongShader.unsuccessfulbuild".
         Touching "Debug\PhongShader.lastbuildstate".
     1>Done Building Project "E:\Projects\SoftRenderer\Shader\PhongShader\PhongShader.vcxproj" (build target(s)).

Build succeeded.

Time Elapsed 00:00:00.75
